
------------------------------------------------------------------------
       Segmentation violation detected at Fri Dec  4 15:57:07 2015
------------------------------------------------------------------------

Configuration:
  Crash Decoding      : Disabled
  Crash Mode          : continue (default)
  Current Graphics Driver: Unknown software 
  Current Visual      : None
  Default Encoding    : UTF-8
  GNU C Library       : 2.17 stable
  Host Name           : node036
  MATLAB Architecture : glnxa64
  MATLAB Root         : /mnt/homes/progs/matlab2015a
  MATLAB Version      : 8.5.0.197613 (R2015a)
  OpenGL              : software
  Operating System    : Linux 3.7.10-1.40-desktop #1 SMP PREEMPT Thu Jul 10 11:22:12 UTC 2014 (9b06319) x86_64
  Processor ID        : x86 Family 6 Model 45 Stepping 7, GenuineIntel
  Virtual Machine     : Java 1.7.0_60-b19 with Oracle Corporation Java HotSpot(TM) 64-Bit Server VM mixed mode
  Window System       : No active display

Fault Count: 1


Abnormal termination:
Segmentation violation

Register State (from fault):
  RAX = 0000000000000001  RBX = 00007fcb0dfea350
  RCX = 0000000000000000  RDX = 00007fcc30000038
  RSP = 00007fcc37ff6428  RBP = 0000000000000000
  RSI = 00007fcb0e4175e0  RDI = 0000000000000000

   R8 = 000000000b000000   R9 = 0000000000000004
  R10 = 0000000000000001  R11 = 00007fcc50efa150
  R12 = 00007fcb0e4175e0  R13 = 00007fcb0c7cdd00
  R14 = 0000000000ccf71a  R15 = 000000000a000008

  RIP = 00007fcc3f811c04  EFL = 0000000000010202

   CS = 0033   FS = 0000   GS = 0000

Stack Trace (from fault):
[  0] 0x00007fcc3f811c04 /mnt/homes/progs/matlab2015a/bin/glnxa64/libhdf5.so.8+01145860 H5O_dec_rc+00000020
[  1] 0x00007fcc3f8209df /mnt/homes/progs/matlab2015a/bin/glnxa64/libhdf5.so.8+01206751
[  2] 0x00007fcc3f76169e /mnt/homes/progs/matlab2015a/bin/glnxa64/libhdf5.so.8+00423582 H5C_protect+00000126
[  3] 0x00007fcc3f748bdc /mnt/homes/progs/matlab2015a/bin/glnxa64/libhdf5.so.8+00322524 H5AC_protect+00000108
[  4] 0x00007fcc3f80dde4 /mnt/homes/progs/matlab2015a/bin/glnxa64/libhdf5.so.8+01129956 H5O_protect+00000420
[  5] 0x00007fcc3f83296d /mnt/homes/progs/matlab2015a/bin/glnxa64/libhdf5.so.8+01280365 H5O_msg_exists+00000045
[  6] 0x00007fcc3f7d171a /mnt/homes/progs/matlab2015a/bin/glnxa64/libhdf5.so.8+00882458 H5G__obj_get_linfo+00000042
[  7] 0x00007fcc3f7d2fef /mnt/homes/progs/matlab2015a/bin/glnxa64/libhdf5.so.8+00888815 H5G__obj_lookup+00000047
[  8] 0x00007fcc3f7d90db /mnt/homes/progs/matlab2015a/bin/glnxa64/libhdf5.so.8+00913627
[  9] 0x00007fcc3f7d9e4a /mnt/homes/progs/matlab2015a/bin/glnxa64/libhdf5.so.8+00917066 H5G_traverse+00000138
[ 10] 0x00007fcc3f800258 /mnt/homes/progs/matlab2015a/bin/glnxa64/libhdf5.so.8+01073752
[ 11] 0x00007fcc3f803eca /mnt/homes/progs/matlab2015a/bin/glnxa64/libhdf5.so.8+01089226 H5L_link_object+00000042
[ 12] 0x00007fcc3f7c9b29 /mnt/homes/progs/matlab2015a/bin/glnxa64/libhdf5.so.8+00850729 H5G__create_named+00000073
[ 13] 0x00007fcc3f7be020 /mnt/homes/progs/matlab2015a/bin/glnxa64/libhdf5.so.8+00802848 H5Gcreate2+00000208
[ 14] 0x00007fcc4262042d /mnt/homes/progs/matlab2015a/bin/glnxa64/libmat.so+00230445
[ 15] 0x00007fcc4261fc55 /mnt/homes/progs/matlab2015a/bin/glnxa64/libmat.so+00228437
[ 16] 0x00007fcc42620514 /mnt/homes/progs/matlab2015a/bin/glnxa64/libmat.so+00230676
[ 17] 0x00007fcc4261fc55 /mnt/homes/progs/matlab2015a/bin/glnxa64/libmat.so+00228437
[ 18] 0x00007fcc42620514 /mnt/homes/progs/matlab2015a/bin/glnxa64/libmat.so+00230676
[ 19] 0x00007fcc4261fc55 /mnt/homes/progs/matlab2015a/bin/glnxa64/libmat.so+00228437
[ 20] 0x00007fcc4261fcde /mnt/homes/progs/matlab2015a/bin/glnxa64/libmat.so+00228574
[ 21] 0x00007fcc4260c8d6 /mnt/homes/progs/matlab2015a/bin/glnxa64/libmat.so+00149718
[ 22] 0x00007fcc426093c3 /mnt/homes/progs/matlab2015a/bin/glnxa64/libmat.so+00136131 matPutNextVariable+00000051
[ 23] 0x00007fcc35d34280 /mnt/homes/progs/matlab2015a/bin/glnxa64/libmwsaveload.so+00340608
[ 24] 0x00007fcc35d3bd4b /mnt/homes/progs/matlab2015a/bin/glnxa64/libmwsaveload.so+00372043
[ 25] 0x00007fcc35d3ce3d /mnt/homes/progs/matlab2015a/bin/glnxa64/libmwsaveload.so+00376381
[ 26] 0x00007fcc45c9c305 /mnt/homes/progs/matlab2015a/bin/glnxa64/libmwm_dispatcher.so+00557829
[ 27] 0x00007fcc45c83744 /mnt/homes/progs/matlab2015a/bin/glnxa64/libmwm_dispatcher.so+00456516 _ZN13Mfh_MATLAB_fn11dispatch_fhEiPP11mxArray_tagiS2_+00000244
[ 28] 0x00007fcc44f49d20 /mnt/homes/progs/matlab2015a/bin/glnxa64/libmwm_interpreter.so+04189472
[ 29] 0x00007fcc44eca4b3 /mnt/homes/progs/matlab2015a/bin/glnxa64/libmwm_interpreter.so+03667123
[ 30] 0x00007fcc44efa6ee /mnt/homes/progs/matlab2015a/bin/glnxa64/libmwm_interpreter.so+03864302
[ 31] 0x00007fcc44f01597 /mnt/homes/progs/matlab2015a/bin/glnxa64/libmwm_interpreter.so+03892631
[ 32] 0x00007fcc44efccff /mnt/homes/progs/matlab2015a/bin/glnxa64/libmwm_interpreter.so+03874047
[ 33] 0x00007fcc44efd934 /mnt/homes/progs/matlab2015a/bin/glnxa64/libmwm_interpreter.so+03877172
[ 34] 0x00007fcc44f732ce /mnt/homes/progs/matlab2015a/bin/glnxa64/libmwm_interpreter.so+04358862
[ 35] 0x00007fcc45cdac39 /mnt/homes/progs/matlab2015a/bin/glnxa64/libmwm_dispatcher.so+00814137 _ZN8Mfh_file16dispatch_fh_implEMS_FviPP11mxArray_tagiS2_EiS2_iS2_+00001097
[ 36] 0x00007fcc45cdafb0 /mnt/homes/progs/matlab2015a/bin/glnxa64/libmwm_dispatcher.so+00815024 _ZN8Mfh_file11dispatch_fhEiPP11mxArray_tagiS2_+00000032
[ 37] 0x00007fcc45123784 /mnt/homes/progs/matlab2015a/bin/glnxa64/libmwm_interpreter.so+06129540
[ 38] 0x00007fcc45125099 /mnt/homes/progs/matlab2015a/bin/glnxa64/libmwm_interpreter.so+06135961
[ 39] 0x00007fcc451258cc /mnt/homes/progs/matlab2015a/bin/glnxa64/libmwm_interpreter.so+06138060
[ 40] 0x00007fcc44f99fd3 /mnt/homes/progs/matlab2015a/bin/glnxa64/libmwm_interpreter.so+04517843
[ 41] 0x00007fcc44fa769e /mnt/homes/progs/matlab2015a/bin/glnxa64/libmwm_interpreter.so+04572830
[ 42] 0x00007fcc44fa7783 /mnt/homes/progs/matlab2015a/bin/glnxa64/libmwm_interpreter.so+04573059
[ 43] 0x00007fcc450deb54 /mnt/homes/progs/matlab2015a/bin/glnxa64/libmwm_interpreter.so+05847892
[ 44] 0x00007fcc44efd86a /mnt/homes/progs/matlab2015a/bin/glnxa64/libmwm_interpreter.so+03876970
[ 45] 0x00007fcc44f732ce /mnt/homes/progs/matlab2015a/bin/glnxa64/libmwm_interpreter.so+04358862
[ 46] 0x00007fcc45cdac39 /mnt/homes/progs/matlab2015a/bin/glnxa64/libmwm_dispatcher.so+00814137 _ZN8Mfh_file16dispatch_fh_implEMS_FviPP11mxArray_tagiS2_EiS2_iS2_+00001097
[ 47] 0x00007fcc45cdafb0 /mnt/homes/progs/matlab2015a/bin/glnxa64/libmwm_dispatcher.so+00815024 _ZN8Mfh_file11dispatch_fhEiPP11mxArray_tagiS2_+00000032
[ 48] 0x00007fcc44f32495 /mnt/homes/progs/matlab2015a/bin/glnxa64/libmwm_interpreter.so+04093077
[ 49] 0x00007fcc44ef2fb9 /mnt/homes/progs/matlab2015a/bin/glnxa64/libmwm_interpreter.so+03833785
[ 50] 0x00007fcc44eef3f5 /mnt/homes/progs/matlab2015a/bin/glnxa64/libmwm_interpreter.so+03818485
[ 51] 0x00007fcc44eefad3 /mnt/homes/progs/matlab2015a/bin/glnxa64/libmwm_interpreter.so+03820243
[ 52] 0x00007fcc44eed440 /mnt/homes/progs/matlab2015a/bin/glnxa64/libmwm_interpreter.so+03810368
[ 53] 0x00007fcc44e69dfd /mnt/homes/progs/matlab2015a/bin/glnxa64/libmwm_interpreter.so+03272189 _Z51inEvalCmdWithLocalReturnInDesiredWSAndPublishEventsRKSbIDsSt11char_traitsIDsESaIDsEEPibbP15inWorkSpace_tag+00000077
[ 54] 0x00007fcc46ee84ee /mnt/homes/progs/matlab2015a/bin/glnxa64/libmwiqm.so+00914670 _ZNK3iqm18InternalEvalPlugin24inEvalCmdWithLocalReturnERKSbIDsSt11char_traitsIDsESaIDsEEP15inWorkSpace_tag+00000094
[ 55] 0x00007fcc46ee8698 /mnt/homes/progs/matlab2015a/bin/glnxa64/libmwiqm.so+00915096 _ZN3iqm18InternalEvalPlugin7executeEP15inWorkSpace_tagRN5boost10shared_ptrIN14cmddistributor17IIPCompletedEventEEE+00000120
[ 56] 0x00007fcc522c04a5 /mnt/homes/progs/matlab2015a/bin/glnxa64/libmwmcr.so+00738469
[ 57] 0x00007fcc46ee1e16 /mnt/homes/progs/matlab2015a/bin/glnxa64/libmwiqm.so+00888342
[ 58] 0x00007fcc46ece675 /mnt/homes/progs/matlab2015a/bin/glnxa64/libmwiqm.so+00808565
[ 59] 0x00007fcc46be2779 /mnt/homes/progs/matlab2015a/bin/glnxa64/libmwbridge.so+00206713
[ 60] 0x00007fcc46be2d44 /mnt/homes/progs/matlab2015a/bin/glnxa64/libmwbridge.so+00208196
[ 61] 0x00007fcc46be7f8d /mnt/homes/progs/matlab2015a/bin/glnxa64/libmwbridge.so+00229261
[ 62] 0x00007fcc46be808c /mnt/homes/progs/matlab2015a/bin/glnxa64/libmwbridge.so+00229516
[ 63] 0x00007fcc46be86ca /mnt/homes/progs/matlab2015a/bin/glnxa64/libmwbridge.so+00231114 _Z8mnParserv+00000602
[ 64] 0x00007fcc522cf3af /mnt/homes/progs/matlab2015a/bin/glnxa64/libmwmcr.so+00799663 _ZN11mcrInstance30mnParser_on_interpreter_threadEv+00000031
[ 65] 0x00007fcc522af133 /mnt/homes/progs/matlab2015a/bin/glnxa64/libmwmcr.so+00667955
[ 66] 0x00007fcc522b0fd9 /mnt/homes/progs/matlab2015a/bin/glnxa64/libmwmcr.so+00675801 _ZN5boost6detail11task_objectIvNS_3_bi6bind_tIvPFvRKNS_8functionIFvvEEEENS2_5list1INS2_5valueIS6_EEEEEEE6do_runEv+00000025
[ 67] 0x00007fcc522b19a7 /mnt/homes/progs/matlab2015a/bin/glnxa64/libmwmcr.so+00678311 _ZN5boost6detail9task_baseIvE3runEv+00000071
[ 68] 0x00007fcc522b1a07 /mnt/homes/progs/matlab2015a/bin/glnxa64/libmwmcr.so+00678407
[ 69] 0x00007fcc522acd8a /mnt/homes/progs/matlab2015a/bin/glnxa64/libmwmcr.so+00658826
[ 70] 0x00007fcc529c5d13 /mnt/homes/progs/matlab2015a/bin/glnxa64/libmwservices.so+01735955
[ 71] 0x00007fcc4426bf4d /mnt/homes/progs/matlab2015a/bin/glnxa64/libmwuix.so+00233293
[ 72] 0x00007fcc52a9e0fa /mnt/homes/progs/matlab2015a/bin/glnxa64/libmwservices.so+02621690
[ 73] 0x00007fcc52a9e434 /mnt/homes/progs/matlab2015a/bin/glnxa64/libmwservices.so+02622516
[ 74] 0x00007fcc52a9fbdf /mnt/homes/progs/matlab2015a/bin/glnxa64/libmwservices.so+02628575
[ 75] 0x00007fcc52aa061c /mnt/homes/progs/matlab2015a/bin/glnxa64/libmwservices.so+02631196 _Z25svWS_ProcessPendingEventsiib+00000092
[ 76] 0x00007fcc522ad408 /mnt/homes/progs/matlab2015a/bin/glnxa64/libmwmcr.so+00660488
[ 77] 0x00007fcc522ad724 /mnt/homes/progs/matlab2015a/bin/glnxa64/libmwmcr.so+00661284
[ 78] 0x00007fcc52299b0d /mnt/homes/progs/matlab2015a/bin/glnxa64/libmwmcr.so+00580365
[ 79] 0x00007fcc5113be0f                             /lib64/libpthread.so.0+00032271
[ 80] 0x00007fcc50e700dd                                   /lib64/libc.so.6+00954589 clone+00000109
[ 81] 0x0000000000000000                                   <unknown-module>+00000000


If this problem is reproducible, please submit a Service Request via:
    http://www.mathworks.com/support/contact_us/

A technical support engineer might contact you with further information.

Thank you for your help.** This crash report has been saved to disk as /home/tpfeffer/matlab_crash_dump.59343-1 **



MATLAB is exiting because of fatal error
/opt/cluster/matlab: Zeile 9: 124879 Getötet                nice -10 $MATLABDIR/bin/matlab $*
