HDF5-DIAG: Error detected in HDF5 (1.8.12) thread 0:
  #000: H5D.c line 170 in H5Dcreate2(): unable to create dataset
    major: Dataset
    minor: Unable to initialize object
  #001: H5Dint.c line 439 in H5D__create_named(): unable to create and link to dataset
    major: Dataset
    minor: Unable to initialize object
  #002: H5L.c line 1638 in H5L_link_object(): unable to create new link to object
    major: Links
    minor: Unable to initialize object
  #003: H5L.c line 1882 in H5L_create_real(): can't insert link
    major: Symbol table
    minor: Unable to insert object
  #004: H5Gtraverse.c line 861 in H5G_traverse(): internal path traversal failed
    major: Symbol table
    minor: Object not found
  #005: H5Gtraverse.c line 596 in H5G_traverse_real(): can't look up component
    major: Symbol table
    minor: Object not found
  #006: H5Gobj.c line 1139 in H5G__obj_lookup(): can't check for link info message
    major: Symbol table
    minor: Can't get value
  #007: H5Gobj.c line 333 in H5G__obj_get_linfo(): unable to read object header
    major: Symbol table
    minor: Can't get value
  #008: H5Omessage.c line 888 in H5O_msg_exists(): unable to protect object header
    major: Object header
    minor: Unable to protect metadata
  #009: H5O.c line 1684 in H5O_protect(): unable to load object header
    major: Object header
    minor: Unable to protect metadata
  #010: H5AC.c line 1329 in H5AC_protect(): H5C_protect() failed.
    major: Object cache
    minor: Unable to protect metadata
  #011: H5C.c line 3574 in H5C_protect(): can't load entry
    major: Object cache
    minor: Unable to load metadata into cache
  #012: H5C.c line 7954 in H5C_load_entry(): unable to load entry
    major: Object cache
    minor: Unable to load metadata into cache
  #013: H5Ocache.c line 275 in H5O_load(): bad object header version number
    major: Object header
    minor: Wrong version number
HDF5-DIAG: Error detected in HDF5 (1.8.12) thread 0:
  #000: H5A.c line 242 in H5Acreate2(): not a location
    major: Invalid arguments to routine
    minor: Inappropriate type
  #001: H5Gloc.c line 253 in H5G_loc(): invalid object ID
    major: Invalid arguments to routine
    minor: Bad value
HDF5-DIAG: Error detected in HDF5 (1.8.12) thread 0:
  #000: H5A.c line 927 in H5Awrite(): not an attribute
    major: Invalid arguments to routine
    minor: Inappropriate type
{Error using save
Can't write file
/home/tpfeffer/pconn_cnt/proc/preproc/pconn_cnt_preproc_artifacts_s4_m1_b1_v1.mat.

Error in pconn_cnt_preproc_proc (line 165)

} 
