
                            < M A T L A B (R) >
                  Copyright 1984-2015 The MathWorks, Inc.
                   R2015a (8.5.0.197613) 64-bit (glnxa64)
                             February 12, 2015

 
To get started, type one of these: helpwin, helpdesk, or demo.
For product information, visit www.mathworks.com.
 

	Academic License

Processing s12 b1 m1
[Warning: adding /home/tpfeffer/fieldtrip-20150318/external/ctf toolbox to your
MATLAB path] 

readCTFds: You are reading CTF data for use with a software-application tool
	that is not manufactured by VSM MedTech Ltd. and has not received marketing
	clearance for clinical applications.  If CTF MEG data are processed by this tool,
	they should not be later employed for clinical and/or diagnostic purposes.

processing channel { 'MLC11' 'MLC12' 'MLC13' 'MLC14' 'MLC15' 'MLC16' 'MLC22' 'MLC23' 'MLC24' 'MLC25' 'MLC31' 'MLC32' 'MLC41' 'MLC42' 'MLC51' 'MLC52' 'MLC53' 'MLC54' 'MLC55' 'MLC61' 'MLC62' 'MLC63' 'MLF11' 'MLF12' 'MLF13' 'MLF14' 'MLF22' 'MLF23' 'MLF24' 'MLF25' 'MLF31' 'MLF32' 'MLF33' 'MLF34' 'MLF35' 'MLF41' 'MLF42' 'MLF43' 'MLF44' 'MLF45' 'MLF46' 'MLF51' 'MLF52' 'MLF53' 'MLF54' 'MLF55' 'MLF56' 'MLF61' 'MLF62' 'MLF63' 'MLF64' 'MLF65' 'MLF66' 'MLF67' 'MLO11' 'MLO12' 'MLO14' 'MLO21' 'MLO22' 'MLO23' 'MLO24' 'MLO31' 'MLO32' 'MLO33' 'MLO34' 'MLO41' 'MLO42' 'MLO43' 'MLO44' 'MLO51' 'MLO52' 'MLO53' 'MLP11' 'MLP12' 'MLP21' 'MLP22' 'MLP23' 'MLP31' 'MLP32' 'MLP33' 'MLP34' 'MLP35' 'MLP41' 'MLP42' 'MLP43' 'MLP44' 'MLP45' 'MLP51' 'MLP52' 'MLP53' 'MLP54' 'MLP55' 'MLP56' 'MLP57' 'MLT11' 'MLT12' 'MLT13' 'MLT14' 'MLT15' 'MLT16' 'MLT21' 'MLT22' 'MLT23' 'MLT24' 'MLT25' 'MLT26' 'MLT27' 'MLT31' 'MLT32' 'MLT33' 'MLT34' 'MLT35' 'MLT36' 'MLT37' 'MLT41' 'MLT42' 'MLT43' 'MLT44' 'MLT45' 'MLT46' 'MLT47' 'MLT51' 'MLT52' 'MLT53' 'MLT54' 'MLT55' 'MLT56' 'MLT57' 'MRC11' 'MRC12' 'MRC13' 'MRC14' 'MRC15' 'MRC16' 'MRC17' 'MRC21' 'MRC22' 'MRC23' 'MRC24' 'MRC25' 'MRC31' 'MRC32' 'MRC41' 'MRC42' 'MRC51' 'MRC52' 'MRC53' 'MRC54' 'MRC55' 'MRC61' 'MRC62' 'MRC63' 'MRF11' 'MRF12' 'MRF13' 'MRF14' 'MRF21' 'MRF22' 'MRF23' 'MRF24' 'MRF25' 'MRF31' 'MRF32' 'MRF33' 'MRF34' 'MRF35' 'MRF41' 'MRF42' 'MRF43' 'MRF44' 'MRF45' 'MRF46' 'MRF51' 'MRF52' 'MRF53' 'MRF54' 'MRF55' 'MRF56' 'MRF61' 'MRF63' 'MRF64' 'MRF65' 'MRF66' 'MRF67' 'MRO12' 'MRO13' 'MRO14' 'MRO21' 'MRO22' 'MRO23' 'MRO24' 'MRO31' 'MRO32' 'MRO33' 'MRO34' 'MRO41' 'MRO43' 'MRO44' 'MRO51' 'MRO52' 'MRO53' 'MRP11' 'MRP12' 'MRP21' 'MRP22' 'MRP23' 'MRP31' 'MRP32' 'MRP33' 'MRP34' 'MRP35' 'MRP41' 'MRP42' 'MRP43' 'MRP44' 'MRP45' 'MRP51' 'MRP52' 'MRP53' 'MRP54' 'MRP55' 'MRP56' 'MRP57' 'MRT11' 'MRT12' 'MRT13' 'MRT14' 'MRT15' 'MRT16' 'MRT21' 'MRT22' 'MRT23' 'MRT24' 'MRT25' 'MRT26' 'MRT27' 'MRT31' 'MRT32' 'MRT33' 'MRT34' 'MRT35' 'MRT36' 'MRT37' 'MRT41' 'MRT42' 'MRT43' 'MRT44' 'MRT45' 'MRT46' 'MRT47' 'MRT51' 'MRT52' 'MRT53' 'MRT54' 'MRT55' 'MRT56' 'MRT57' 'MZC01' 'MZC02' 'MZC03' 'MZC04' 'MZF01' 'MZF02' 'MZF03' 'MZO01' 'MZO02' 'MZO03' 'MZP01' }
reading and preprocessing
reading and preprocessing trial 1 from 1
the call to "ft_preprocessing" took 95 seconds and required the additional allocation of an estimated 3094 MB
processing channel { 'MLC11' 'MLC12' 'MLC13' 'MLC14' 'MLC15' 'MLC16' 'MLC22' 'MLC23' 'MLC24' 'MLC25' 'MLC31' 'MLC32' 'MLC41' 'MLC42' 'MLC51' 'MLC52' 'MLC53' 'MLC54' 'MLC55' 'MLC61' 'MLC62' 'MLC63' 'MLF11' 'MLF12' 'MLF13' 'MLF14' 'MLF22' 'MLF23' 'MLF24' 'MLF25' 'MLF31' 'MLF32' 'MLF33' 'MLF34' 'MLF35' 'MLF41' 'MLF42' 'MLF43' 'MLF44' 'MLF45' 'MLF46' 'MLF51' 'MLF52' 'MLF53' 'MLF54' 'MLF55' 'MLF56' 'MLF61' 'MLF62' 'MLF63' 'MLF64' 'MLF65' 'MLF66' 'MLF67' 'MLO11' 'MLO12' 'MLO14' 'MLO21' 'MLO22' 'MLO23' 'MLO24' 'MLO31' 'MLO32' 'MLO33' 'MLO34' 'MLO41' 'MLO42' 'MLO43' 'MLO44' 'MLO51' 'MLO52' 'MLO53' 'MLP11' 'MLP12' 'MLP21' 'MLP22' 'MLP23' 'MLP31' 'MLP32' 'MLP33' 'MLP34' 'MLP35' 'MLP41' 'MLP42' 'MLP43' 'MLP44' 'MLP45' 'MLP51' 'MLP52' 'MLP53' 'MLP54' 'MLP55' 'MLP56' 'MLP57' 'MLT11' 'MLT12' 'MLT13' 'MLT14' 'MLT15' 'MLT16' 'MLT21' 'MLT22' 'MLT23' 'MLT24' 'MLT25' 'MLT26' 'MLT27' 'MLT31' 'MLT32' 'MLT33' 'MLT34' 'MLT35' 'MLT36' 'MLT37' 'MLT41' 'MLT42' 'MLT43' 'MLT44' 'MLT45' 'MLT46' 'MLT47' 'MLT51' 'MLT52' 'MLT53' 'MLT54' 'MLT55' 'MLT56' 'MLT57' 'MRC11' 'MRC12' 'MRC13' 'MRC14' 'MRC15' 'MRC16' 'MRC17' 'MRC21' 'MRC22' 'MRC23' 'MRC24' 'MRC25' 'MRC31' 'MRC32' 'MRC41' 'MRC42' 'MRC51' 'MRC52' 'MRC53' 'MRC54' 'MRC55' 'MRC61' 'MRC62' 'MRC63' 'MRF11' 'MRF12' 'MRF13' 'MRF14' 'MRF21' 'MRF22' 'MRF23' 'MRF24' 'MRF25' 'MRF31' 'MRF32' 'MRF33' 'MRF34' 'MRF35' 'MRF41' 'MRF42' 'MRF43' 'MRF44' 'MRF45' 'MRF46' 'MRF51' 'MRF52' 'MRF53' 'MRF54' 'MRF55' 'MRF56' 'MRF61' 'MRF63' 'MRF64' 'MRF65' 'MRF66' 'MRF67' 'MRO12' 'MRO13' 'MRO14' 'MRO21' 'MRO22' 'MRO23' 'MRO24' 'MRO31' 'MRO32' 'MRO33' 'MRO34' 'MRO41' 'MRO43' 'MRO44' 'MRO51' 'MRO52' 'MRO53' 'MRP11' 'MRP12' 'MRP21' 'MRP22' 'MRP23' 'MRP31' 'MRP32' 'MRP33' 'MRP34' 'MRP35' 'MRP41' 'MRP42' 'MRP43' 'MRP44' 'MRP45' 'MRP51' 'MRP52' 'MRP53' 'MRP54' 'MRP55' 'MRP56' 'MRP57' 'MRT11' 'MRT12' 'MRT13' 'MRT14' 'MRT15' 'MRT16' 'MRT21' 'MRT22' 'MRT23' 'MRT24' 'MRT25' 'MRT26' 'MRT27' 'MRT31' 'MRT32' 'MRT33' 'MRT34' 'MRT35' 'MRT36' 'MRT37' 'MRT41' 'MRT42' 'MRT43' 'MRT44' 'MRT45' 'MRT46' 'MRT47' 'MRT51' 'MRT52' 'MRT53' 'MRT54' 'MRT55' 'MRT56' 'MRT57' 'MZC01' 'MZC02' 'MZC03' 'MZC04' 'MZF01' 'MZF02' 'MZF03' 'MZO01' 'MZO02' 'MZO03' 'MZP01' }
reading and preprocessing
reading and preprocessing trial 1 from 1
the call to "ft_preprocessing" took 82 seconds and required the additional allocation of an estimated 3050 MB
processing channel { 'UPPT001' }
reading and preprocessing
reading and preprocessing trial 1 from 1
the call to "ft_preprocessing" took 2 seconds and required the additional allocation of an estimated 1516 MB
the input is raw data with 268 channels and 1 trials
the call to "ft_selectdata" took 0 seconds and required the additional allocation of an estimated 0 MB
resampling data
resampling data in trial 1 from 1
original sampling rate = 1200 Hz
new sampling rate = 400 Hz
the call to "ft_resampledata" took 16 seconds and required the additional allocation of an estimated 496 MB
the input is raw data with 268 channels and 1 trials
the call to "ft_selectdata" took 0 seconds and required the additional allocation of an estimated 1483 MB
resampling data
resampling data in trial 1 from 1
original sampling rate = 1200 Hz
new sampling rate = 400 Hz
the call to "ft_resampledata" took 15 seconds and required the additional allocation of an estimated 1483 MB
the input is raw data with 1 channels and 1 trials
the call to "ft_selectdata" took 0 seconds and required the additional allocation of an estimated 1489 MB
resampling data
resampling data in trial 1 from 1
original sampling rate = 1200 Hz
new sampling rate = 400 Hz
the call to "ft_resampledata" took 0 seconds and required the additional allocation of an estimated 1489 MB
Saved.
Processing s24 b1 m1
processing channel { 'MLC11' 'MLC12' 'MLC13' 'MLC14' 'MLC15' 'MLC16' 'MLC22' 'MLC23' 'MLC24' 'MLC25' 'MLC31' 'MLC32' 'MLC41' 'MLC42' 'MLC51' 'MLC52' 'MLC53' 'MLC54' 'MLC55' 'MLC61' 'MLC62' 'MLC63' 'MLF11' 'MLF12' 'MLF13' 'MLF14' 'MLF22' 'MLF23' 'MLF24' 'MLF25' 'MLF31' 'MLF32' 'MLF33' 'MLF34' 'MLF35' 'MLF41' 'MLF42' 'MLF43' 'MLF44' 'MLF45' 'MLF46' 'MLF51' 'MLF52' 'MLF53' 'MLF54' 'MLF55' 'MLF56' 'MLF61' 'MLF62' 'MLF63' 'MLF64' 'MLF65' 'MLF66' 'MLF67' 'MLO11' 'MLO12' 'MLO14' 'MLO21' 'MLO22' 'MLO23' 'MLO24' 'MLO31' 'MLO32' 'MLO33' 'MLO34' 'MLO41' 'MLO42' 'MLO43' 'MLO44' 'MLO51' 'MLO52' 'MLO53' 'MLP11' 'MLP12' 'MLP21' 'MLP22' 'MLP23' 'MLP31' 'MLP32' 'MLP33' 'MLP34' 'MLP35' 'MLP41' 'MLP42' 'MLP43' 'MLP44' 'MLP45' 'MLP51' 'MLP52' 'MLP53' 'MLP54' 'MLP55' 'MLP56' 'MLP57' 'MLT11' 'MLT12' 'MLT13' 'MLT14' 'MLT15' 'MLT16' 'MLT21' 'MLT22' 'MLT23' 'MLT24' 'MLT25' 'MLT26' 'MLT27' 'MLT31' 'MLT32' 'MLT33' 'MLT34' 'MLT35' 'MLT36' 'MLT37' 'MLT41' 'MLT42' 'MLT43' 'MLT44' 'MLT45' 'MLT46' 'MLT47' 'MLT51' 'MLT52' 'MLT53' 'MLT54' 'MLT55' 'MLT56' 'MLT57' 'MRC11' 'MRC12' 'MRC13' 'MRC14' 'MRC15' 'MRC16' 'MRC17' 'MRC21' 'MRC22' 'MRC23' 'MRC24' 'MRC25' 'MRC31' 'MRC32' 'MRC41' 'MRC42' 'MRC51' 'MRC52' 'MRC53' 'MRC54' 'MRC55' 'MRC61' 'MRC62' 'MRC63' 'MRF11' 'MRF12' 'MRF13' 'MRF14' 'MRF21' 'MRF22' 'MRF23' 'MRF24' 'MRF25' 'MRF31' 'MRF32' 'MRF33' 'MRF34' 'MRF35' 'MRF41' 'MRF42' 'MRF43' 'MRF44' 'MRF45' 'MRF46' 'MRF51' 'MRF52' 'MRF53' 'MRF54' 'MRF55' 'MRF56' 'MRF61' 'MRF63' 'MRF64' 'MRF65' 'MRF66' 'MRF67' 'MRO12' 'MRO13' 'MRO14' 'MRO21' 'MRO22' 'MRO23' 'MRO24' 'MRO31' 'MRO32' 'MRO33' 'MRO34' 'MRO41' 'MRO43' 'MRO44' 'MRO51' 'MRO52' 'MRO53' 'MRP11' 'MRP12' 'MRP21' 'MRP22' 'MRP23' 'MRP31' 'MRP32' 'MRP33' 'MRP34' 'MRP35' 'MRP41' 'MRP42' 'MRP43' 'MRP44' 'MRP45' 'MRP51' 'MRP52' 'MRP53' 'MRP54' 'MRP55' 'MRP56' 'MRP57' 'MRT11' 'MRT12' 'MRT13' 'MRT14' 'MRT15' 'MRT16' 'MRT21' 'MRT22' 'MRT23' 'MRT24' 'MRT25' 'MRT26' 'MRT27' 'MRT31' 'MRT32' 'MRT33' 'MRT34' 'MRT35' 'MRT36' 'MRT37' 'MRT41' 'MRT42' 'MRT43' 'MRT44' 'MRT45' 'MRT46' 'MRT47' 'MRT51' 'MRT52' 'MRT53' 'MRT54' 'MRT55' 'MRT56' 'MRT57' 'MZC01' 'MZC02' 'MZC03' 'MZC04' 'MZF01' 'MZF02' 'MZF03' 'MZO01' 'MZO02' 'MZO03' 'MZP01' }
reading and preprocessing
reading and preprocessing trial 1 from 1
the call to "ft_preprocessing" took 86 seconds and required the additional allocation of an estimated 3005 MB
processing channel { 'MLC11' 'MLC12' 'MLC13' 'MLC14' 'MLC15' 'MLC16' 'MLC22' 'MLC23' 'MLC24' 'MLC25' 'MLC31' 'MLC32' 'MLC41' 'MLC42' 'MLC51' 'MLC52' 'MLC53' 'MLC54' 'MLC55' 'MLC61' 'MLC62' 'MLC63' 'MLF11' 'MLF12' 'MLF13' 'MLF14' 'MLF22' 'MLF23' 'MLF24' 'MLF25' 'MLF31' 'MLF32' 'MLF33' 'MLF34' 'MLF35' 'MLF41' 'MLF42' 'MLF43' 'MLF44' 'MLF45' 'MLF46' 'MLF51' 'MLF52' 'MLF53' 'MLF54' 'MLF55' 'MLF56' 'MLF61' 'MLF62' 'MLF63' 'MLF64' 'MLF65' 'MLF66' 'MLF67' 'MLO11' 'MLO12' 'MLO14' 'MLO21' 'MLO22' 'MLO23' 'MLO24' 'MLO31' 'MLO32' 'MLO33' 'MLO34' 'MLO41' 'MLO42' 'MLO43' 'MLO44' 'MLO51' 'MLO52' 'MLO53' 'MLP11' 'MLP12' 'MLP21' 'MLP22' 'MLP23' 'MLP31' 'MLP32' 'MLP33' 'MLP34' 'MLP35' 'MLP41' 'MLP42' 'MLP43' 'MLP44' 'MLP45' 'MLP51' 'MLP52' 'MLP53' 'MLP54' 'MLP55' 'MLP56' 'MLP57' 'MLT11' 'MLT12' 'MLT13' 'MLT14' 'MLT15' 'MLT16' 'MLT21' 'MLT22' 'MLT23' 'MLT24' 'MLT25' 'MLT26' 'MLT27' 'MLT31' 'MLT32' 'MLT33' 'MLT34' 'MLT35' 'MLT36' 'MLT37' 'MLT41' 'MLT42' 'MLT43' 'MLT44' 'MLT45' 'MLT46' 'MLT47' 'MLT51' 'MLT52' 'MLT53' 'MLT54' 'MLT55' 'MLT56' 'MLT57' 'MRC11' 'MRC12' 'MRC13' 'MRC14' 'MRC15' 'MRC16' 'MRC17' 'MRC21' 'MRC22' 'MRC23' 'MRC24' 'MRC25' 'MRC31' 'MRC32' 'MRC41' 'MRC42' 'MRC51' 'MRC52' 'MRC53' 'MRC54' 'MRC55' 'MRC61' 'MRC62' 'MRC63' 'MRF11' 'MRF12' 'MRF13' 'MRF14' 'MRF21' 'MRF22' 'MRF23' 'MRF24' 'MRF25' 'MRF31' 'MRF32' 'MRF33' 'MRF34' 'MRF35' 'MRF41' 'MRF42' 'MRF43' 'MRF44' 'MRF45' 'MRF46' 'MRF51' 'MRF52' 'MRF53' 'MRF54' 'MRF55' 'MRF56' 'MRF61' 'MRF63' 'MRF64' 'MRF65' 'MRF66' 'MRF67' 'MRO12' 'MRO13' 'MRO14' 'MRO21' 'MRO22' 'MRO23' 'MRO24' 'MRO31' 'MRO32' 'MRO33' 'MRO34' 'MRO41' 'MRO43' 'MRO44' 'MRO51' 'MRO52' 'MRO53' 'MRP11' 'MRP12' 'MRP21' 'MRP22' 'MRP23' 'MRP31' 'MRP32' 'MRP33' 'MRP34' 'MRP35' 'MRP41' 'MRP42' 'MRP43' 'MRP44' 'MRP45' 'MRP51' 'MRP52' 'MRP53' 'MRP54' 'MRP55' 'MRP56' 'MRP57' 'MRT11' 'MRT12' 'MRT13' 'MRT14' 'MRT15' 'MRT16' 'MRT21' 'MRT22' 'MRT23' 'MRT24' 'MRT25' 'MRT26' 'MRT27' 'MRT31' 'MRT32' 'MRT33' 'MRT34' 'MRT35' 'MRT36' 'MRT37' 'MRT41' 'MRT42' 'MRT43' 'MRT44' 'MRT45' 'MRT46' 'MRT47' 'MRT51' 'MRT52' 'MRT53' 'MRT54' 'MRT55' 'MRT56' 'MRT57' 'MZC01' 'MZC02' 'MZC03' 'MZC04' 'MZF01' 'MZF02' 'MZF03' 'MZO01' 'MZO02' 'MZO03' 'MZP01' }
reading and preprocessing
reading and preprocessing trial 1 from 1
the call to "ft_preprocessing" took 81 seconds and required the additional allocation of an estimated 2999 MB
processing channel { 'UPPT001' }
reading and preprocessing
reading and preprocessing trial 1 from 1
the call to "ft_preprocessing" took 2 seconds and required the additional allocation of an estimated 1991 MB
the input is raw data with 268 channels and 1 trials
the call to "ft_selectdata" took 0 seconds and required the additional allocation of an estimated 3 MB
resampling data
resampling data in trial 1 from 1
original sampling rate = 1200 Hz
new sampling rate = 400 Hz
the call to "ft_resampledata" took 17 seconds and required the additional allocation of an estimated 491 MB
the input is raw data with 268 channels and 1 trials
the call to "ft_selectdata" took 0 seconds and required the additional allocation of an estimated 1481 MB
resampling data
resampling data in trial 1 from 1
original sampling rate = 1200 Hz
new sampling rate = 400 Hz
the call to "ft_resampledata" took 15 seconds and required the additional allocation of an estimated 1481 MB
the input is raw data with 1 channels and 1 trials
the call to "ft_selectdata" took 0 seconds and required the additional allocation of an estimated 1492 MB
resampling data
resampling data in trial 1 from 1
original sampling rate = 1200 Hz
new sampling rate = 400 Hz
the call to "ft_resampledata" took 0 seconds and required the additional allocation of an estimated 1492 MB
Saved.
Processing s16 b2 m2
processing channel { 'MLC11' 'MLC12' 'MLC13' 'MLC14' 'MLC15' 'MLC16' 'MLC22' 'MLC23' 'MLC24' 'MLC25' 'MLC31' 'MLC32' 'MLC41' 'MLC42' 'MLC51' 'MLC52' 'MLC53' 'MLC54' 'MLC55' 'MLC61' 'MLC62' 'MLC63' 'MLF11' 'MLF12' 'MLF13' 'MLF14' 'MLF22' 'MLF23' 'MLF24' 'MLF25' 'MLF31' 'MLF32' 'MLF33' 'MLF34' 'MLF35' 'MLF41' 'MLF42' 'MLF43' 'MLF44' 'MLF45' 'MLF46' 'MLF51' 'MLF52' 'MLF53' 'MLF54' 'MLF55' 'MLF56' 'MLF61' 'MLF62' 'MLF63' 'MLF64' 'MLF65' 'MLF66' 'MLF67' 'MLO11' 'MLO12' 'MLO14' 'MLO21' 'MLO22' 'MLO23' 'MLO24' 'MLO31' 'MLO32' 'MLO33' 'MLO34' 'MLO41' 'MLO42' 'MLO43' 'MLO44' 'MLO51' 'MLO52' 'MLO53' 'MLP11' 'MLP12' 'MLP21' 'MLP22' 'MLP23' 'MLP31' 'MLP32' 'MLP33' 'MLP34' 'MLP35' 'MLP41' 'MLP42' 'MLP43' 'MLP44' 'MLP45' 'MLP51' 'MLP52' 'MLP53' 'MLP54' 'MLP55' 'MLP56' 'MLP57' 'MLT11' 'MLT12' 'MLT13' 'MLT14' 'MLT15' 'MLT16' 'MLT21' 'MLT22' 'MLT23' 'MLT24' 'MLT25' 'MLT26' 'MLT27' 'MLT31' 'MLT32' 'MLT33' 'MLT34' 'MLT35' 'MLT36' 'MLT37' 'MLT41' 'MLT42' 'MLT43' 'MLT44' 'MLT45' 'MLT46' 'MLT47' 'MLT51' 'MLT52' 'MLT53' 'MLT54' 'MLT55' 'MLT56' 'MLT57' 'MRC11' 'MRC12' 'MRC13' 'MRC14' 'MRC15' 'MRC16' 'MRC17' 'MRC21' 'MRC22' 'MRC23' 'MRC24' 'MRC25' 'MRC31' 'MRC32' 'MRC41' 'MRC42' 'MRC51' 'MRC52' 'MRC53' 'MRC54' 'MRC55' 'MRC61' 'MRC62' 'MRC63' 'MRF11' 'MRF12' 'MRF13' 'MRF14' 'MRF21' 'MRF22' 'MRF23' 'MRF24' 'MRF25' 'MRF31' 'MRF32' 'MRF33' 'MRF34' 'MRF35' 'MRF41' 'MRF42' 'MRF43' 'MRF44' 'MRF45' 'MRF46' 'MRF51' 'MRF52' 'MRF53' 'MRF54' 'MRF55' 'MRF56' 'MRF61' 'MRF63' 'MRF64' 'MRF65' 'MRF66' 'MRF67' 'MRO12' 'MRO13' 'MRO14' 'MRO21' 'MRO22' 'MRO23' 'MRO24' 'MRO31' 'MRO32' 'MRO33' 'MRO34' 'MRO41' 'MRO43' 'MRO44' 'MRO51' 'MRO52' 'MRO53' 'MRP11' 'MRP12' 'MRP21' 'MRP22' 'MRP23' 'MRP31' 'MRP32' 'MRP33' 'MRP34' 'MRP35' 'MRP41' 'MRP42' 'MRP43' 'MRP44' 'MRP45' 'MRP51' 'MRP52' 'MRP53' 'MRP54' 'MRP55' 'MRP56' 'MRP57' 'MRT11' 'MRT12' 'MRT13' 'MRT14' 'MRT15' 'MRT16' 'MRT21' 'MRT22' 'MRT23' 'MRT24' 'MRT25' 'MRT26' 'MRT27' 'MRT31' 'MRT32' 'MRT33' 'MRT34' 'MRT35' 'MRT36' 'MRT37' 'MRT41' 'MRT42' 'MRT43' 'MRT44' 'MRT45' 'MRT46' 'MRT47' 'MRT51' 'MRT52' 'MRT53' 'MRT54' 'MRT55' 'MRT56' 'MRT57' 'MZC01' 'MZC02' 'MZC03' 'MZC04' 'MZF01' 'MZF02' 'MZF03' 'MZO01' 'MZO02' 'MZO03' 'MZP01' }
reading and preprocessing
reading and preprocessing trial 1 from 1
the call to "ft_preprocessing" took 86 seconds and required the additional allocation of an estimated 3026 MB
processing channel { 'MLC11' 'MLC12' 'MLC13' 'MLC14' 'MLC15' 'MLC16' 'MLC22' 'MLC23' 'MLC24' 'MLC25' 'MLC31' 'MLC32' 'MLC41' 'MLC42' 'MLC51' 'MLC52' 'MLC53' 'MLC54' 'MLC55' 'MLC61' 'MLC62' 'MLC63' 'MLF11' 'MLF12' 'MLF13' 'MLF14' 'MLF22' 'MLF23' 'MLF24' 'MLF25' 'MLF31' 'MLF32' 'MLF33' 'MLF34' 'MLF35' 'MLF41' 'MLF42' 'MLF43' 'MLF44' 'MLF45' 'MLF46' 'MLF51' 'MLF52' 'MLF53' 'MLF54' 'MLF55' 'MLF56' 'MLF61' 'MLF62' 'MLF63' 'MLF64' 'MLF65' 'MLF66' 'MLF67' 'MLO11' 'MLO12' 'MLO14' 'MLO21' 'MLO22' 'MLO23' 'MLO24' 'MLO31' 'MLO32' 'MLO33' 'MLO34' 'MLO41' 'MLO42' 'MLO43' 'MLO44' 'MLO51' 'MLO52' 'MLO53' 'MLP11' 'MLP12' 'MLP21' 'MLP22' 'MLP23' 'MLP31' 'MLP32' 'MLP33' 'MLP34' 'MLP35' 'MLP41' 'MLP42' 'MLP43' 'MLP44' 'MLP45' 'MLP51' 'MLP52' 'MLP53' 'MLP54' 'MLP55' 'MLP56' 'MLP57' 'MLT11' 'MLT12' 'MLT13' 'MLT14' 'MLT15' 'MLT16' 'MLT21' 'MLT22' 'MLT23' 'MLT24' 'MLT25' 'MLT26' 'MLT27' 'MLT31' 'MLT32' 'MLT33' 'MLT34' 'MLT35' 'MLT36' 'MLT37' 'MLT41' 'MLT42' 'MLT43' 'MLT44' 'MLT45' 'MLT46' 'MLT47' 'MLT51' 'MLT52' 'MLT53' 'MLT54' 'MLT55' 'MLT56' 'MLT57' 'MRC11' 'MRC12' 'MRC13' 'MRC14' 'MRC15' 'MRC16' 'MRC17' 'MRC21' 'MRC22' 'MRC23' 'MRC24' 'MRC25' 'MRC31' 'MRC32' 'MRC41' 'MRC42' 'MRC51' 'MRC52' 'MRC53' 'MRC54' 'MRC55' 'MRC61' 'MRC62' 'MRC63' 'MRF11' 'MRF12' 'MRF13' 'MRF14' 'MRF21' 'MRF22' 'MRF23' 'MRF24' 'MRF25' 'MRF31' 'MRF32' 'MRF33' 'MRF34' 'MRF35' 'MRF41' 'MRF42' 'MRF43' 'MRF44' 'MRF45' 'MRF46' 'MRF51' 'MRF52' 'MRF53' 'MRF54' 'MRF55' 'MRF56' 'MRF61' 'MRF63' 'MRF64' 'MRF65' 'MRF66' 'MRF67' 'MRO12' 'MRO13' 'MRO14' 'MRO21' 'MRO22' 'MRO23' 'MRO24' 'MRO31' 'MRO32' 'MRO33' 'MRO34' 'MRO41' 'MRO43' 'MRO44' 'MRO51' 'MRO52' 'MRO53' 'MRP11' 'MRP12' 'MRP21' 'MRP22' 'MRP23' 'MRP31' 'MRP32' 'MRP33' 'MRP34' 'MRP35' 'MRP41' 'MRP42' 'MRP43' 'MRP44' 'MRP45' 'MRP51' 'MRP52' 'MRP53' 'MRP54' 'MRP55' 'MRP56' 'MRP57' 'MRT11' 'MRT12' 'MRT13' 'MRT14' 'MRT15' 'MRT16' 'MRT21' 'MRT22' 'MRT23' 'MRT24' 'MRT25' 'MRT26' 'MRT27' 'MRT31' 'MRT32' 'MRT33' 'MRT34' 'MRT35' 'MRT36' 'MRT37' 'MRT41' 'MRT42' 'MRT43' 'MRT44' 'MRT45' 'MRT46' 'MRT47' 'MRT51' 'MRT52' 'MRT53' 'MRT54' 'MRT55' 'MRT56' 'MRT57' 'MZC01' 'MZC02' 'MZC03' 'MZC04' 'MZF01' 'MZF02' 'MZF03' 'MZO01' 'MZO02' 'MZO03' 'MZP01' }
reading and preprocessing
reading and preprocessing trial 1 from 1
the call to "ft_preprocessing" took 90 seconds and required the additional allocation of an estimated 3015 MB
processing channel { 'UPPT001' }
reading and preprocessing
reading and preprocessing trial 1 from 1
the call to "ft_preprocessing" took 12 seconds and required the additional allocation of an estimated 2008 MB
the input is raw data with 268 channels and 1 trials
the call to "ft_selectdata" took 0 seconds and required the additional allocation of an estimated 0 MB
resampling data
resampling data in trial 1 from 1
original sampling rate = 1200 Hz
new sampling rate = 400 Hz
the call to "ft_resampledata" took 16 seconds and required the additional allocation of an estimated 486 MB
the input is raw data with 268 channels and 1 trials
the call to "ft_selectdata" took 0 seconds and required the additional allocation of an estimated 1468 MB
resampling data
resampling data in trial 1 from 1
original sampling rate = 1200 Hz
new sampling rate = 400 Hz
the call to "ft_resampledata" took 14 seconds and required the additional allocation of an estimated 1468 MB
the input is raw data with 1 channels and 1 trials
the call to "ft_selectdata" took 0 seconds and required the additional allocation of an estimated 1468 MB
resampling data
resampling data in trial 1 from 1
original sampling rate = 1200 Hz
new sampling rate = 400 Hz
the call to "ft_resampledata" took 0 seconds and required the additional allocation of an estimated 1468 MB
Saved.
Processing s8 b1 m3
processing channel { 'MLC11' 'MLC12' 'MLC13' 'MLC14' 'MLC15' 'MLC16' 'MLC22' 'MLC23' 'MLC24' 'MLC25' 'MLC31' 'MLC32' 'MLC41' 'MLC42' 'MLC51' 'MLC52' 'MLC53' 'MLC54' 'MLC55' 'MLC61' 'MLC62' 'MLC63' 'MLF11' 'MLF12' 'MLF13' 'MLF14' 'MLF22' 'MLF23' 'MLF24' 'MLF25' 'MLF31' 'MLF32' 'MLF33' 'MLF34' 'MLF35' 'MLF41' 'MLF42' 'MLF43' 'MLF44' 'MLF45' 'MLF46' 'MLF51' 'MLF52' 'MLF53' 'MLF54' 'MLF55' 'MLF56' 'MLF61' 'MLF62' 'MLF63' 'MLF64' 'MLF65' 'MLF66' 'MLF67' 'MLO11' 'MLO12' 'MLO14' 'MLO21' 'MLO22' 'MLO23' 'MLO24' 'MLO31' 'MLO32' 'MLO33' 'MLO34' 'MLO41' 'MLO42' 'MLO43' 'MLO44' 'MLO51' 'MLO52' 'MLO53' 'MLP11' 'MLP12' 'MLP21' 'MLP22' 'MLP23' 'MLP31' 'MLP32' 'MLP33' 'MLP34' 'MLP35' 'MLP41' 'MLP42' 'MLP43' 'MLP44' 'MLP45' 'MLP51' 'MLP52' 'MLP53' 'MLP54' 'MLP55' 'MLP56' 'MLP57' 'MLT11' 'MLT12' 'MLT13' 'MLT14' 'MLT15' 'MLT16' 'MLT21' 'MLT22' 'MLT23' 'MLT24' 'MLT25' 'MLT26' 'MLT27' 'MLT31' 'MLT32' 'MLT33' 'MLT34' 'MLT35' 'MLT36' 'MLT37' 'MLT41' 'MLT42' 'MLT43' 'MLT44' 'MLT45' 'MLT46' 'MLT47' 'MLT51' 'MLT52' 'MLT53' 'MLT54' 'MLT55' 'MLT56' 'MLT57' 'MRC11' 'MRC12' 'MRC13' 'MRC14' 'MRC15' 'MRC16' 'MRC17' 'MRC21' 'MRC22' 'MRC23' 'MRC24' 'MRC25' 'MRC31' 'MRC32' 'MRC41' 'MRC42' 'MRC51' 'MRC52' 'MRC53' 'MRC54' 'MRC55' 'MRC61' 'MRC62' 'MRC63' 'MRF11' 'MRF12' 'MRF13' 'MRF14' 'MRF21' 'MRF22' 'MRF23' 'MRF24' 'MRF25' 'MRF31' 'MRF32' 'MRF33' 'MRF34' 'MRF35' 'MRF41' 'MRF42' 'MRF43' 'MRF44' 'MRF45' 'MRF46' 'MRF51' 'MRF52' 'MRF53' 'MRF54' 'MRF55' 'MRF56' 'MRF61' 'MRF63' 'MRF64' 'MRF65' 'MRF66' 'MRF67' 'MRO12' 'MRO13' 'MRO14' 'MRO21' 'MRO22' 'MRO23' 'MRO24' 'MRO31' 'MRO32' 'MRO33' 'MRO34' 'MRO41' 'MRO43' 'MRO44' 'MRO51' 'MRO52' 'MRO53' 'MRP11' 'MRP12' 'MRP21' 'MRP22' 'MRP23' 'MRP31' 'MRP32' 'MRP33' 'MRP34' 'MRP35' 'MRP41' 'MRP42' 'MRP43' 'MRP44' 'MRP45' 'MRP51' 'MRP52' 'MRP53' 'MRP54' 'MRP55' 'MRP56' 'MRP57' 'MRT11' 'MRT12' 'MRT13' 'MRT14' 'MRT15' 'MRT16' 'MRT21' 'MRT22' 'MRT23' 'MRT24' 'MRT25' 'MRT26' 'MRT27' 'MRT31' 'MRT32' 'MRT33' 'MRT34' 'MRT35' 'MRT36' 'MRT37' 'MRT41' 'MRT42' 'MRT43' 'MRT44' 'MRT45' 'MRT46' 'MRT47' 'MRT51' 'MRT52' 'MRT53' 'MRT54' 'MRT55' 'MRT56' 'MRT57' 'MZC01' 'MZC02' 'MZC03' 'MZC04' 'MZF01' 'MZF02' 'MZF03' 'MZO01' 'MZO02' 'MZO03' 'MZP01' }
reading and preprocessing
reading and preprocessing trial 1 from 1
the call to "ft_preprocessing" took 82 seconds and required the additional allocation of an estimated 3006 MB
processing channel { 'MLC11' 'MLC12' 'MLC13' 'MLC14' 'MLC15' 'MLC16' 'MLC22' 'MLC23' 'MLC24' 'MLC25' 'MLC31' 'MLC32' 'MLC41' 'MLC42' 'MLC51' 'MLC52' 'MLC53' 'MLC54' 'MLC55' 'MLC61' 'MLC62' 'MLC63' 'MLF11' 'MLF12' 'MLF13' 'MLF14' 'MLF22' 'MLF23' 'MLF24' 'MLF25' 'MLF31' 'MLF32' 'MLF33' 'MLF34' 'MLF35' 'MLF41' 'MLF42' 'MLF43' 'MLF44' 'MLF45' 'MLF46' 'MLF51' 'MLF52' 'MLF53' 'MLF54' 'MLF55' 'MLF56' 'MLF61' 'MLF62' 'MLF63' 'MLF64' 'MLF65' 'MLF66' 'MLF67' 'MLO11' 'MLO12' 'MLO14' 'MLO21' 'MLO22' 'MLO23' 'MLO24' 'MLO31' 'MLO32' 'MLO33' 'MLO34' 'MLO41' 'MLO42' 'MLO43' 'MLO44' 'MLO51' 'MLO52' 'MLO53' 'MLP11' 'MLP12' 'MLP21' 'MLP22' 'MLP23' 'MLP31' 'MLP32' 'MLP33' 'MLP34' 'MLP35' 'MLP41' 'MLP42' 'MLP43' 'MLP44' 'MLP45' 'MLP51' 'MLP52' 'MLP53' 'MLP54' 'MLP55' 'MLP56' 'MLP57' 'MLT11' 'MLT12' 'MLT13' 'MLT14' 'MLT15' 'MLT16' 'MLT21' 'MLT22' 'MLT23' 'MLT24' 'MLT25' 'MLT26' 'MLT27' 'MLT31' 'MLT32' 'MLT33' 'MLT34' 'MLT35' 'MLT36' 'MLT37' 'MLT41' 'MLT42' 'MLT43' 'MLT44' 'MLT45' 'MLT46' 'MLT47' 'MLT51' 'MLT52' 'MLT53' 'MLT54' 'MLT55' 'MLT56' 'MLT57' 'MRC11' 'MRC12' 'MRC13' 'MRC14' 'MRC15' 'MRC16' 'MRC17' 'MRC21' 'MRC22' 'MRC23' 'MRC24' 'MRC25' 'MRC31' 'MRC32' 'MRC41' 'MRC42' 'MRC51' 'MRC52' 'MRC53' 'MRC54' 'MRC55' 'MRC61' 'MRC62' 'MRC63' 'MRF11' 'MRF12' 'MRF13' 'MRF14' 'MRF21' 'MRF22' 'MRF23' 'MRF24' 'MRF25' 'MRF31' 'MRF32' 'MRF33' 'MRF34' 'MRF35' 'MRF41' 'MRF42' 'MRF43' 'MRF44' 'MRF45' 'MRF46' 'MRF51' 'MRF52' 'MRF53' 'MRF54' 'MRF55' 'MRF56' 'MRF61' 'MRF63' 'MRF64' 'MRF65' 'MRF66' 'MRF67' 'MRO12' 'MRO13' 'MRO14' 'MRO21' 'MRO22' 'MRO23' 'MRO24' 'MRO31' 'MRO32' 'MRO33' 'MRO34' 'MRO41' 'MRO43' 'MRO44' 'MRO51' 'MRO52' 'MRO53' 'MRP11' 'MRP12' 'MRP21' 'MRP22' 'MRP23' 'MRP31' 'MRP32' 'MRP33' 'MRP34' 'MRP35' 'MRP41' 'MRP42' 'MRP43' 'MRP44' 'MRP45' 'MRP51' 'MRP52' 'MRP53' 'MRP54' 'MRP55' 'MRP56' 'MRP57' 'MRT11' 'MRT12' 'MRT13' 'MRT14' 'MRT15' 'MRT16' 'MRT21' 'MRT22' 'MRT23' 'MRT24' 'MRT25' 'MRT26' 'MRT27' 'MRT31' 'MRT32' 'MRT33' 'MRT34' 'MRT35' 'MRT36' 'MRT37' 'MRT41' 'MRT42' 'MRT43' 'MRT44' 'MRT45' 'MRT46' 'MRT47' 'MRT51' 'MRT52' 'MRT53' 'MRT54' 'MRT55' 'MRT56' 'MRT57' 'MZC01' 'MZC02' 'MZC03' 'MZC04' 'MZF01' 'MZF02' 'MZF03' 'MZO01' 'MZO02' 'MZO03' 'MZP01' }
reading and preprocessing
reading and preprocessing trial 1 from 1
the call to "ft_preprocessing" took 85 seconds and required the additional allocation of an estimated 2947 MB
processing channel { 'UPPT001' }
reading and preprocessing
reading and preprocessing trial 1 from 1
the call to "ft_preprocessing" took 6 seconds and required the additional allocation of an estimated 1993 MB
the input is raw data with 268 channels and 1 trials
the call to "ft_selectdata" took 0 seconds and required the additional allocation of an estimated 0 MB
resampling data
resampling data in trial 1 from 1
original sampling rate = 1200 Hz
new sampling rate = 400 Hz
the call to "ft_resampledata" took 20 seconds and required the additional allocation of an estimated 481 MB
the input is raw data with 268 channels and 1 trials
the call to "ft_selectdata" took 0 seconds and required the additional allocation of an estimated 1471 MB
resampling data
resampling data in trial 1 from 1
original sampling rate = 1200 Hz
new sampling rate = 400 Hz
the call to "ft_resampledata" took 14 seconds and required the additional allocation of an estimated 1471 MB
the input is raw data with 1 channels and 1 trials
the call to "ft_selectdata" took 0 seconds and required the additional allocation of an estimated 1471 MB
resampling data
resampling data in trial 1 from 1
original sampling rate = 1200 Hz
new sampling rate = 400 Hz
the call to "ft_resampledata" took 0 seconds and required the additional allocation of an estimated 1471 MB
Saved.
Processing s24 b1 m3
processing channel { 'MLC11' 'MLC12' 'MLC13' 'MLC14' 'MLC15' 'MLC16' 'MLC22' 'MLC23' 'MLC24' 'MLC25' 'MLC31' 'MLC32' 'MLC41' 'MLC42' 'MLC51' 'MLC52' 'MLC53' 'MLC54' 'MLC55' 'MLC61' 'MLC62' 'MLC63' 'MLF11' 'MLF12' 'MLF13' 'MLF14' 'MLF22' 'MLF23' 'MLF24' 'MLF25' 'MLF31' 'MLF32' 'MLF33' 'MLF34' 'MLF35' 'MLF41' 'MLF42' 'MLF43' 'MLF44' 'MLF45' 'MLF46' 'MLF51' 'MLF52' 'MLF53' 'MLF54' 'MLF55' 'MLF56' 'MLF61' 'MLF62' 'MLF63' 'MLF64' 'MLF65' 'MLF66' 'MLF67' 'MLO11' 'MLO12' 'MLO14' 'MLO21' 'MLO22' 'MLO23' 'MLO24' 'MLO31' 'MLO32' 'MLO33' 'MLO34' 'MLO41' 'MLO42' 'MLO43' 'MLO44' 'MLO51' 'MLO52' 'MLO53' 'MLP11' 'MLP12' 'MLP21' 'MLP22' 'MLP23' 'MLP31' 'MLP32' 'MLP33' 'MLP34' 'MLP35' 'MLP41' 'MLP42' 'MLP43' 'MLP44' 'MLP45' 'MLP51' 'MLP52' 'MLP53' 'MLP54' 'MLP55' 'MLP56' 'MLP57' 'MLT11' 'MLT12' 'MLT13' 'MLT14' 'MLT15' 'MLT16' 'MLT21' 'MLT22' 'MLT23' 'MLT24' 'MLT25' 'MLT26' 'MLT27' 'MLT31' 'MLT32' 'MLT33' 'MLT34' 'MLT35' 'MLT36' 'MLT37' 'MLT41' 'MLT42' 'MLT43' 'MLT44' 'MLT45' 'MLT46' 'MLT47' 'MLT51' 'MLT52' 'MLT53' 'MLT54' 'MLT55' 'MLT56' 'MLT57' 'MRC11' 'MRC12' 'MRC13' 'MRC14' 'MRC15' 'MRC16' 'MRC17' 'MRC21' 'MRC22' 'MRC23' 'MRC24' 'MRC25' 'MRC31' 'MRC32' 'MRC41' 'MRC42' 'MRC51' 'MRC52' 'MRC53' 'MRC54' 'MRC55' 'MRC61' 'MRC62' 'MRC63' 'MRF11' 'MRF12' 'MRF13' 'MRF14' 'MRF21' 'MRF22' 'MRF23' 'MRF24' 'MRF25' 'MRF31' 'MRF32' 'MRF33' 'MRF34' 'MRF35' 'MRF41' 'MRF42' 'MRF43' 'MRF44' 'MRF45' 'MRF46' 'MRF51' 'MRF52' 'MRF53' 'MRF54' 'MRF55' 'MRF56' 'MRF61' 'MRF63' 'MRF64' 'MRF65' 'MRF66' 'MRF67' 'MRO12' 'MRO13' 'MRO14' 'MRO21' 'MRO22' 'MRO23' 'MRO24' 'MRO31' 'MRO32' 'MRO33' 'MRO34' 'MRO41' 'MRO43' 'MRO44' 'MRO51' 'MRO52' 'MRO53' 'MRP11' 'MRP12' 'MRP21' 'MRP22' 'MRP23' 'MRP31' 'MRP32' 'MRP33' 'MRP34' 'MRP35' 'MRP41' 'MRP42' 'MRP43' 'MRP44' 'MRP45' 'MRP51' 'MRP52' 'MRP53' 'MRP54' 'MRP55' 'MRP56' 'MRP57' 'MRT11' 'MRT12' 'MRT13' 'MRT14' 'MRT15' 'MRT16' 'MRT21' 'MRT22' 'MRT23' 'MRT24' 'MRT25' 'MRT26' 'MRT27' 'MRT31' 'MRT32' 'MRT33' 'MRT34' 'MRT35' 'MRT36' 'MRT37' 'MRT41' 'MRT42' 'MRT43' 'MRT44' 'MRT45' 'MRT46' 'MRT47' 'MRT51' 'MRT52' 'MRT53' 'MRT54' 'MRT55' 'MRT56' 'MRT57' 'MZC01' 'MZC02' 'MZC03' 'MZC04' 'MZF01' 'MZF02' 'MZF03' 'MZO01' 'MZO02' 'MZO03' 'MZP01' }
reading and preprocessing
reading and preprocessing trial 1 from 1
the call to "ft_preprocessing" took 76 seconds and required the additional allocation of an estimated 3032 MB
processing channel { 'MLC11' 'MLC12' 'MLC13' 'MLC14' 'MLC15' 'MLC16' 'MLC22' 'MLC23' 'MLC24' 'MLC25' 'MLC31' 'MLC32' 'MLC41' 'MLC42' 'MLC51' 'MLC52' 'MLC53' 'MLC54' 'MLC55' 'MLC61' 'MLC62' 'MLC63' 'MLF11' 'MLF12' 'MLF13' 'MLF14' 'MLF22' 'MLF23' 'MLF24' 'MLF25' 'MLF31' 'MLF32' 'MLF33' 'MLF34' 'MLF35' 'MLF41' 'MLF42' 'MLF43' 'MLF44' 'MLF45' 'MLF46' 'MLF51' 'MLF52' 'MLF53' 'MLF54' 'MLF55' 'MLF56' 'MLF61' 'MLF62' 'MLF63' 'MLF64' 'MLF65' 'MLF66' 'MLF67' 'MLO11' 'MLO12' 'MLO14' 'MLO21' 'MLO22' 'MLO23' 'MLO24' 'MLO31' 'MLO32' 'MLO33' 'MLO34' 'MLO41' 'MLO42' 'MLO43' 'MLO44' 'MLO51' 'MLO52' 'MLO53' 'MLP11' 'MLP12' 'MLP21' 'MLP22' 'MLP23' 'MLP31' 'MLP32' 'MLP33' 'MLP34' 'MLP35' 'MLP41' 'MLP42' 'MLP43' 'MLP44' 'MLP45' 'MLP51' 'MLP52' 'MLP53' 'MLP54' 'MLP55' 'MLP56' 'MLP57' 'MLT11' 'MLT12' 'MLT13' 'MLT14' 'MLT15' 'MLT16' 'MLT21' 'MLT22' 'MLT23' 'MLT24' 'MLT25' 'MLT26' 'MLT27' 'MLT31' 'MLT32' 'MLT33' 'MLT34' 'MLT35' 'MLT36' 'MLT37' 'MLT41' 'MLT42' 'MLT43' 'MLT44' 'MLT45' 'MLT46' 'MLT47' 'MLT51' 'MLT52' 'MLT53' 'MLT54' 'MLT55' 'MLT56' 'MLT57' 'MRC11' 'MRC12' 'MRC13' 'MRC14' 'MRC15' 'MRC16' 'MRC17' 'MRC21' 'MRC22' 'MRC23' 'MRC24' 'MRC25' 'MRC31' 'MRC32' 'MRC41' 'MRC42' 'MRC51' 'MRC52' 'MRC53' 'MRC54' 'MRC55' 'MRC61' 'MRC62' 'MRC63' 'MRF11' 'MRF12' 'MRF13' 'MRF14' 'MRF21' 'MRF22' 'MRF23' 'MRF24' 'MRF25' 'MRF31' 'MRF32' 'MRF33' 'MRF34' 'MRF35' 'MRF41' 'MRF42' 'MRF43' 'MRF44' 'MRF45' 'MRF46' 'MRF51' 'MRF52' 'MRF53' 'MRF54' 'MRF55' 'MRF56' 'MRF61' 'MRF63' 'MRF64' 'MRF65' 'MRF66' 'MRF67' 'MRO12' 'MRO13' 'MRO14' 'MRO21' 'MRO22' 'MRO23' 'MRO24' 'MRO31' 'MRO32' 'MRO33' 'MRO34' 'MRO41' 'MRO43' 'MRO44' 'MRO51' 'MRO52' 'MRO53' 'MRP11' 'MRP12' 'MRP21' 'MRP22' 'MRP23' 'MRP31' 'MRP32' 'MRP33' 'MRP34' 'MRP35' 'MRP41' 'MRP42' 'MRP43' 'MRP44' 'MRP45' 'MRP51' 'MRP52' 'MRP53' 'MRP54' 'MRP55' 'MRP56' 'MRP57' 'MRT11' 'MRT12' 'MRT13' 'MRT14' 'MRT15' 'MRT16' 'MRT21' 'MRT22' 'MRT23' 'MRT24' 'MRT25' 'MRT26' 'MRT27' 'MRT31' 'MRT32' 'MRT33' 'MRT34' 'MRT35' 'MRT36' 'MRT37' 'MRT41' 'MRT42' 'MRT43' 'MRT44' 'MRT45' 'MRT46' 'MRT47' 'MRT51' 'MRT52' 'MRT53' 'MRT54' 'MRT55' 'MRT56' 'MRT57' 'MZC01' 'MZC02' 'MZC03' 'MZC04' 'MZF01' 'MZF02' 'MZF03' 'MZO01' 'MZO02' 'MZO03' 'MZP01' }
reading and preprocessing
reading and preprocessing trial 1 from 1
the call to "ft_preprocessing" took 66 seconds and required the additional allocation of an estimated 3033 MB
processing channel { 'UPPT001' }
reading and preprocessing
reading and preprocessing trial 1 from 1
the call to "ft_preprocessing" took 2 seconds and required the additional allocation of an estimated 2007 MB
the input is raw data with 268 channels and 1 trials
the call to "ft_selectdata" took 0 seconds and required the additional allocation of an estimated 0 MB
resampling data
resampling data in trial 1 from 1
original sampling rate = 1200 Hz
new sampling rate = 400 Hz
the call to "ft_resampledata" took 13 seconds and required the additional allocation of an estimated 498 MB
the input is raw data with 268 channels and 1 trials
the call to "ft_selectdata" took 0 seconds and required the additional allocation of an estimated 1493 MB
resampling data
resampling data in trial 1 from 1
original sampling rate = 1200 Hz
new sampling rate = 400 Hz
the call to "ft_resampledata" took 13 seconds and required the additional allocation of an estimated 1493 MB
the input is raw data with 1 channels and 1 trials
the call to "ft_selectdata" took 0 seconds and required the additional allocation of an estimated 1493 MB
resampling data
resampling data in trial 1 from 1
original sampling rate = 1200 Hz
new sampling rate = 400 Hz
the call to "ft_resampledata" took 0 seconds and required the additional allocation of an estimated 1493 MB
Saved.
>> 