HDF5-DIAG: Error detected in HDF5 (1.8.12) thread 0:
  #000: H5D.c line 170 in H5Dcreate2(): unable to create dataset
    major: Dataset
    minor: Unable to initialize object
  #001: H5Dint.c line 439 in H5D__create_named(): unable to create and link to dataset
    major: Dataset
    minor: Unable to initialize object
  #002: H5L.c line 1638 in H5L_link_object(): unable to create new link to object
    major: Links
    minor: Unable to initialize object
  #003: H5L.c line 1882 in H5L_create_real(): can't insert link
    major: Symbol table
    minor: Unable to insert object
  #004: H5Gtraverse.c line 861 in H5G_traverse(): internal path traversal failed
    major: Symbol table
    minor: Object not found
  #005: H5Gtraverse.c line 596 in H5G_traverse_real(): can't look up component
    major: Symbol table
    minor: Object not found
  #006: H5Gobj.c line 1156 in H5G__obj_lookup(): can't locate object
    major: Symbol table
    minor: Object not found
  #007: H5Gstab.c line 907 in H5G__stab_lookup(): not found
    major: Symbol table
    minor: Object not found
  #008: H5B.c line 362 in H5B_find(): can't lookup key in subtree
    major: B-Tree node
    minor: Object not found
  #009: H5B.c line 362 in H5B_find(): can't lookup key in subtree
    major: B-Tree node
    minor: Object not found
  #010: H5B.c line 366 in H5B_find(): can't lookup key in leaf node
    major: B-Tree node
    minor: Object not found
  #011: H5Gnode.c line 545 in H5G_node_found(): unable to protect symbol table node
    major: Symbol table
    minor: Unable to load metadata into cache
  #012: H5AC.c line 1329 in H5AC_protect(): H5C_protect() failed.
    major: Object cache
    minor: Unable to protect metadata
  #013: H5C.c line 3574 in H5C_protect(): can't load entry
    major: Object cache
    minor: Unable to load metadata into cache
  #014: H5C.c line 7954 in H5C_load_entry(): unable to load entry
    major: Object cache
    minor: Unable to load metadata into cache
  #015: H5Gcache.c line 169 in H5G_node_load(): bad symbol table node signature
    major: Symbol table
    minor: Unable to load metadata into cache
HDF5-DIAG: Error detected in HDF5 (1.8.12) thread 0:
  #000: H5Dio.c line 231 in H5Dwrite(): can't prepare for writing data
    major: Dataset
    minor: Write failed
  #001: H5Dio.c line 263 in H5D__pre_write(): not a dataset
    major: Invalid arguments to routine
    minor: Inappropriate type
{Error using save
Can't write file
/home/tpfeffer/pconn_cnt/proc/preproc/pconn_cnt_trig_raw_s12_m1_b1_v1.mat.

Error in pconn_cnt_preproc_proc (line 105)
        save([outdir
        sprintf('pconn_cnt_trig_raw_s%d_m%d_b%d_v%d.mat',isubj,m,ibl,v_out)],'trig','-v7.3')} 
