
                            < M A T L A B (R) >
                  Copyright 1984-2015 The MathWorks, Inc.
                   R2015a (8.5.0.197613) 64-bit (glnxa64)
                             February 12, 2015

 
To get started, type one of these: helpwin, helpdesk, or demo.
For product information, visit www.mathworks.com.
 

	Academic License

Processing s6 m1 b2 f1 ...
Processing s13 m1 b1 f2 ...
Processing s16 m1 b1 f2 ...
Processing s20 m1 b2 f1 ...
Processing s11 m2 b1 f2 ...
Processing s14 m2 b1 f1 ...
Error processing s14 m2 b1 f1 ...
Processing s14 m2 b1 f2 ...
Error processing s14 m2 b1 f2 ...
Processing s14 m2 b2 f1 ...
Error processing s14 m2 b2 f1 ...
Processing s14 m2 b2 f2 ...
Error processing s14 m2 b2 f2 ...
Processing s15 m2 b1 f1 ...
Error processing s15 m2 b1 f1 ...
Processing s15 m2 b1 f2 ...
Error processing s15 m2 b1 f2 ...
Processing s15 m2 b2 f1 ...
Error processing s15 m2 b2 f1 ...
Processing s15 m2 b2 f2 ...
Error processing s15 m2 b2 f2 ...
Processing s16 m2 b1 f1 ...
Processing s8 m3 b1 f1 ...
Processing s24 m3 b1 f1 ...
>> 