
                            < M A T L A B (R) >
                  Copyright 1984-2015 The MathWorks, Inc.
                   R2015a (8.5.0.197613) 64-bit (glnxa64)
                             February 12, 2015

 
To get started, type one of these: helpwin, helpdesk, or demo.
For product information, visit www.mathworks.com.
 

	Academic License

Processing s5 m1 b1 f1 ...
Processing s11 m1 b2 f2 ...
Processing s15 m1 b1 f2 ...
Processing s18 m1 b1 f1 ...
Error processing s18 m1 b1 f1 ...
Processing s18 m1 b1 f2 ...
Error processing s18 m1 b1 f2 ...
Processing s18 m1 b2 f1 ...
Error processing s18 m1 b2 f1 ...
Processing s18 m1 b2 f2 ...
Error processing s18 m1 b2 f2 ...
Processing s19 m1 b1 f1 ...
Processing s7 m2 b2 f2 ...
Processing s9 m2 b2 f2 ...
Processing s12 m2 b1 f2 ...
Processing s13 m2 b2 f2 ...
Processing s17 m2 b2 f2 ...
Processing s21 m2 b1 f2 ...
Processing s23 m2 b1 f2 ...
Processing s4 m3 b2 f1 ...
Processing s12 m3 b1 f1 ...
Processing s24 m3 b1 f2 ...
>> 