
                            < M A T L A B (R) >
                  Copyright 1984-2015 The MathWorks, Inc.
                   R2015a (8.5.0.197613) 64-bit (glnxa64)
                             February 12, 2015

 
To get started, type one of these: helpwin, helpdesk, or demo.
For product information, visit www.mathworks.com.
 

	Academic License

Processing s16 m1 b2 f2 ...
Processing s19 m1 b1 f2 ...
Processing s21 m1 b1 f1 ...
Processing s7 m2 b1 f1 ...
Processing s16 m2 b1 f2 ...
Processing s19 m2 b2 f1 ...
Processing s5 m3 b2 f2 ...
Processing s7 m3 b1 f2 ...
Processing s8 m3 b2 f2 ...
Processing s11 m3 b1 f1 ...
Processing s18 m3 b1 f1 ...
Error processing s18 m3 b1 f1 ...
Processing s18 m3 b1 f2 ...
Error processing s18 m3 b1 f2 ...
Processing s18 m3 b2 f1 ...
Error processing s18 m3 b2 f1 ...
Processing s18 m3 b2 f2 ...
Error processing s18 m3 b2 f2 ...
Processing s19 m3 b1 f1 ...
Error processing s19 m3 b1 f1 ...
Processing s19 m3 b1 f2 ...
Error processing s19 m3 b1 f2 ...
Processing s19 m3 b2 f1 ...
Error processing s19 m3 b2 f1 ...
Processing s19 m3 b2 f2 ...
Error processing s19 m3 b2 f2 ...
Processing s20 m3 b1 f1 ...
Error processing s20 m3 b1 f1 ...
Processing s20 m3 b1 f2 ...
Error processing s20 m3 b1 f2 ...
Processing s20 m3 b2 f1 ...
Error processing s20 m3 b2 f1 ...
Processing s20 m3 b2 f2 ...
Error processing s20 m3 b2 f2 ...
Processing s21 m3 b1 f1 ...
Error processing s21 m3 b1 f1 ...
Processing s21 m3 b1 f2 ...
Error processing s21 m3 b1 f2 ...
Processing s21 m3 b2 f1 ...
Error processing s21 m3 b2 f1 ...
Processing s21 m3 b2 f2 ...
Error processing s21 m3 b2 f2 ...
Processing s22 m3 b1 f1 ...
>> 