
                            < M A T L A B (R) >
                  Copyright 1984-2015 The MathWorks, Inc.
                   R2015a (8.5.0.197613) 64-bit (glnxa64)
                             February 12, 2015

 
To get started, type one of these: helpwin, helpdesk, or demo.
For product information, visit www.mathworks.com.
 

	Academic License

NBT added to the path
You can start the NBT GUI by typing NBT, then Enter
Processing MEG s4m1f1
Processing channel 1 ...
Processing MEG s4m1f1
Processing channel 1 ...
Processing MEG s5m1f2
Processing channel 1 ...
Processing MEG s5m1f2
Processing channel 1 ...
Processing MEG s8m1f2
Processing channel 1 ...
Processing MEG s8m1f2
Processing channel 1 ...
Processing MEG s12m1f4
Processing channel 1 ...
Processing MEG s12m1f4
Processing channel 1 ...
Processing MEG s16m1f6
Processing channel 1 ...
Processing MEG s16m1f6
Processing channel 1 ...
Processing MEG s4m2f4
Processing channel 1 ...
Processing MEG s4m2f4
Processing channel 1 ...
Processing MEG s8m2f4
Processing channel 1 ...
Processing MEG s8m2f4
Processing channel 1 ...
Processing MEG s15m2f2
Processing channel 1 ...
Processing MEG s15m2f2
Processing channel 1 ...
Processing MEG s4m3f4
Processing channel 1 ...
Processing MEG s4m3f4
Processing channel 1 ...
Processing MEG s8m3f6
Processing channel 1 ...
Processing MEG s8m3f6
Processing channel 1 ...
Processing MEG s16m3f1
Processing channel 1 ...
Processing MEG s16m3f1
Processing channel 1 ...
>> 