
                            < M A T L A B (R) >
                  Copyright 1984-2015 The MathWorks, Inc.
                   R2015a (8.5.0.197613) 64-bit (glnxa64)
                             February 12, 2015

 
To get started, type one of these: helpwin, helpdesk, or demo.
For product information, visit www.mathworks.com.
 

	Academic License

NBT added to the path
You can start the NBT GUI by typing NBT, then Enter
Processing MEG s7m1f5
Processing channel 1 ...
Processing MEG s7m1f5
Processing channel 1 ...
Processing MEG s11m1f2
Processing channel 1 ...
Processing MEG s11m1f2
Processing channel 1 ...
Processing MEG s13m1f6
Processing channel 1 ...
Processing MEG s13m1f6
Processing channel 1 ...
Processing MEG s17m1f3
Processing channel 1 ...
Processing MEG s17m1f3
Processing channel 1 ...
Processing MEG s24m1f6
Processing channel 1 ...
Processing MEG s24m1f6
Processing channel 1 ...
Processing MEG s8m2f1
Processing channel 1 ...
Processing MEG s8m2f1
Processing channel 1 ...
Processing MEG s12m2f5
Processing channel 1 ...
Processing MEG s12m2f5
Processing channel 1 ...
Processing MEG s16m2f1
Processing channel 1 ...
Processing MEG s16m2f1
Processing channel 1 ...
Processing MEG s24m2f4
Processing channel 1 ...
Processing MEG s24m2f4
Processing channel 1 ...
Processing MEG s7m3f4
Processing channel 1 ...
Processing MEG s7m3f4
Processing channel 1 ...
Processing MEG s12m3f4
Processing channel 1 ...
Processing MEG s12m3f4
Processing channel 1 ...
Processing MEG s17m3f3
Processing channel 1 ...
Processing MEG s17m3f3
Processing channel 1 ...
>> 