
                            < M A T L A B (R) >
                  Copyright 1984-2015 The MathWorks, Inc.
                   R2015a (8.5.0.197613) 64-bit (glnxa64)
                             February 12, 2015

 
To get started, type one of these: helpwin, helpdesk, or demo.
For product information, visit www.mathworks.com.
 

	Academic License

NBT added to the path
You can start the NBT GUI by typing NBT, then Enter
Processing MEG s7m1f3
Processing channel 1 ...
Processing MEG s7m1f3
Processing channel 1 ...
Processing MEG s11m1f1
Processing channel 1 ...
Processing MEG s11m1f1
Processing channel 1 ...
Processing MEG s15m1f5
Processing channel 1 ...
Processing MEG s15m1f5
Processing channel 1 ...
Processing MEG s23m1f6
Processing channel 1 ...
Processing MEG s23m1f6
Processing channel 1 ...
Processing MEG s6m2f2
Processing channel 1 ...
Processing MEG s6m2f2
Processing channel 1 ...
Processing MEG s12m2f4
Processing channel 1 ...
Processing MEG s12m2f4
Processing channel 1 ...
Processing MEG s23m2f1
Processing channel 1 ...
Processing MEG s23m2f1
Processing channel 1 ...
Processing MEG s7m3f6
Processing channel 1 ...
Processing MEG s7m3f6
Processing channel 1 ...
Processing MEG s13m3f2
Processing channel 1 ...
Processing MEG s13m3f2
Processing channel 1 ...
Processing MEG s23m3f4
Processing channel 1 ...
Processing MEG s23m3f4
Processing channel 1 ...
>> 