
                            < M A T L A B (R) >
                  Copyright 1984-2015 The MathWorks, Inc.
                   R2015a (8.5.0.197613) 64-bit (glnxa64)
                             February 12, 2015

 
To get started, type one of these: helpwin, helpdesk, or demo.
For product information, visit www.mathworks.com.
 

	Academic License

NBT added to the path
You can start the NBT GUI by typing NBT, then Enter
Processing MEG s19m1f1
Processing channel 1 ...
Processing channel 2 ...
Processing channel 3 ...
Processing channel 4 ...
Processing channel 5 ...
Processing channel 6 ...
Processing channel 7 ...
Processing channel 8 ...
Processing channel 9 ...
Processing channel 10 ...
Processing channel 11 ...
Processing channel 12 ...
Processing channel 13 ...
Processing channel 14 ...
Processing channel 15 ...
Processing channel 16 ...
Processing channel 17 ...
Processing channel 18 ...
Processing channel 19 ...
Processing channel 20 ...
Processing channel 21 ...
Processing channel 22 ...
Processing channel 23 ...
Processing channel 24 ...
Processing channel 25 ...
Processing channel 26 ...
Processing channel 27 ...
Processing channel 28 ...
Processing channel 29 ...
Processing channel 30 ...
Processing channel 31 ...
Processing channel 32 ...
Processing channel 33 ...
Processing channel 34 ...
Processing channel 35 ...
Processing channel 36 ...
Processing channel 37 ...
Processing channel 38 ...
Processing channel 39 ...
Processing channel 40 ...
Processing channel 41 ...
Processing channel 42 ...
Processing channel 43 ...
Processing channel 44 ...
Processing channel 45 ...
Processing channel 46 ...
Processing channel 47 ...
Processing channel 48 ...
Processing channel 49 ...
Processing channel 50 ...
Processing channel 51 ...
Processing channel 52 ...
Processing channel 53 ...
Processing channel 54 ...
