
                            < M A T L A B (R) >
                  Copyright 1984-2015 The MathWorks, Inc.
                   R2015a (8.5.0.197613) 64-bit (glnxa64)
                             February 12, 2015

 
To get started, type one of these: helpwin, helpdesk, or demo.
For product information, visit www.mathworks.com.
 

	Academic License

NBT added to the path
You can start the NBT GUI by typing NBT, then Enter
Processing MEG s21m1f1
Processing channel 1 ...
Processing channel 2 ...
Processing channel 3 ...
Processing channel 4 ...
Processing channel 5 ...
Processing channel 6 ...
Processing channel 7 ...
Processing channel 8 ...
Processing channel 9 ...
Processing channel 10 ...
Processing channel 11 ...
Processing channel 12 ...
Processing channel 13 ...
Processing channel 14 ...
Processing channel 15 ...
Processing channel 16 ...
