
                            < M A T L A B (R) >
                  Copyright 1984-2015 The MathWorks, Inc.
                   R2015a (8.5.0.197613) 64-bit (glnxa64)
                             February 12, 2015

 
To get started, type one of these: helpwin, helpdesk, or demo.
For product information, visit www.mathworks.com.
 

	Academic License

Processing s6 m2 f1 ...
Processing block 2 ...
Loading MEG data ...
Computing cross spectrum ...
Saving cross spectrum ...
Processing s13 m2 f1 ...
Processing block 2 ...
Loading MEG data ...
Computing cross spectrum ...
Saving cross spectrum ...
Processing s21 m2 f1 ...
Processing block 2 ...
Loading MEG data ...
Computing cross spectrum ...
Saving cross spectrum ...
Processing s13 m3 f1 ...
Processing block 1 ...
Loading MEG data ...
Computing cross spectrum ...
Saving cross spectrum ...
Processing s18 m3 f1 ...
Processing block 1 ...
Loading MEG data ...
>> 