{Error using pconn_cnt_sens_planar_dfa (line 129)
STOP
} 

------------------------------------------------------------------------
       Segmentation violation detected at Mon Feb 15 17:59:12 2016
------------------------------------------------------------------------

Configuration:
  Crash Decoding      : Disabled
  Crash Mode          : continue (default)
  Current Graphics Driver: Unknown software 
  Current Visual      : None
  Default Encoding    : UTF-8
  GNU C Library       : 2.17 stable
  Host Name           : node036
  MATLAB Architecture : glnxa64
  MATLAB Root         : /mnt/homes/progs/matlab2015a
  MATLAB Version      : 8.5.0.197613 (R2015a)
  OpenGL              : software
  Operating System    : Linux 3.7.10-1.40-desktop #1 SMP PREEMPT Thu Jul 10 11:22:12 UTC 2014 (9b06319) x86_64
  Processor ID        : x86 Family 6 Model 45 Stepping 7, GenuineIntel
  Virtual Machine     : Java 1.7.0_60-b19 with Oracle Corporation Java HotSpot(TM) 64-Bit Server VM mixed mode
  Window System       : No active display

Fault Count: 1


Abnormal termination:
Segmentation violation

Register State (from fault):
  RAX = 00007fd9ba761a50  RBX = 0000000000f575f8
  RCX = 00007fd9b8c612c0  RDX = 0000000000000000
  RSP = 00007fd99a47bc80  RBP = 00007fd99a47bc90
  RSI = 00007fd99a47bcc8  RDI = 0000000001009160

   R8 = 00007fd99407a768   R9 = 000000000001ec90
  R10 = 00007fd99a47bda0  R11 = 0000000000000206
  R12 = 00007fd9ba761a50  R13 = 00007fd99407a790
  R14 = 00007fd99407a7b8  R15 = 000000000000000f

  RIP = 00007fd9ba371513  EFL = 0000000000010202

   CS = 0033   FS = 0000   GS = 0000

Stack Trace (from fault):
[  0] 0x00007fd9ba371513 /mnt/homes/progs/matlab2015a/bin/glnxa64/libmwservices.so+02348307 _ZN16LMIsBusyRegistry17isLMAnyModuleBusyEv+00000035
[  1] 0x00007fd9ba387cd8 /mnt/homes/progs/matlab2015a/bin/glnxa64/libmwservices.so+02440408
[  2] 0x00007fd9ba387f0b /mnt/homes/progs/matlab2015a/bin/glnxa64/libmwservices.so+02440971
[  3] 0x00007fd9ba388323 /mnt/homes/progs/matlab2015a/bin/glnxa64/libmwservices.so+02442019
[  4] 0x00007fd9b6ed2409 /mnt/homes/progs/matlab2015a/bin/glnxa64/libboost_thread.so.1.49.0+00058377
[  5] 0x00007fd9b8a51e0f                             /lib64/libpthread.so.0+00032271
[  6] 0x00007fd9b87860dd                                   /lib64/libc.so.6+00954589 clone+00000109
[  7] 0x0000000000000000                                   <unknown-module>+00000000


If this problem is reproducible, please submit a Service Request via:
    http://www.mathworks.com/support/contact_us/

A technical support engineer might contact you with further information.

Thank you for your help.** This crash report has been saved to disk as /home/tpfeffer/matlab_crash_dump.60506-1 **



MATLAB is exiting because of fatal error
/opt/cluster/matlab: Zeile 9: 126042 Getötet                nice -10 $MATLABDIR/bin/matlab $*
