{Error using pconn_cnt_src_dfa (line 192)
STOP
} 

------------------------------------------------------------------------
       Segmentation violation detected at Fri Feb 19 09:47:07 2016
------------------------------------------------------------------------

Configuration:
  Crash Decoding      : Disabled
  Crash Mode          : continue (default)
  Current Graphics Driver: Unknown software 
  Current Visual      : None
  Default Encoding    : UTF-8
  GNU C Library       : 2.17 stable
  Host Name           : node036
  MATLAB Architecture : glnxa64
  MATLAB Root         : /mnt/homes/progs/matlab2015a
  MATLAB Version      : 8.5.0.197613 (R2015a)
  OpenGL              : software
  Operating System    : Linux 3.7.10-1.40-desktop #1 SMP PREEMPT Thu Jul 10 11:22:12 UTC 2014 (9b06319) x86_64
  Processor ID        : x86 Family 6 Model 45 Stepping 7, GenuineIntel
  Virtual Machine     : Java 1.7.0_60-b19 with Oracle Corporation Java HotSpot(TM) 64-Bit Server VM mixed mode
  Window System       : No active display

Fault Count: 1


Abnormal termination:
Segmentation violation

Register State (from fault):
  RAX = 00007f6b374daa50  RBX = 00000000019fd5f8
  RCX = 00007f6b359da2c0  RDX = 0000000000000000
  RSP = 00007f6b13181c80  RBP = 00007f6b13181c90
  RSI = 00007f6b13181cc8  RDI = 0000000001aaf150

   R8 = 00007f6b140d9788   R9 = 0000000000015c87
  R10 = 00007f6b13181da0  R11 = 0000000000000206
  R12 = 00007f6b374daa50  R13 = 00007f6b140d97b0
  R14 = 00007f6b140d97d8  R15 = 0000000000000013

  RIP = 00007f6b370ea513  EFL = 0000000000010202

   CS = 0033   FS = 0000   GS = 0000

Stack Trace (from fault):
[  0] 0x00007f6b370ea513 /mnt/homes/progs/matlab2015a/bin/glnxa64/libmwservices.so+02348307 _ZN16LMIsBusyRegistry17isLMAnyModuleBusyEv+00000035
[  1] 0x00007f6b37100cd8 /mnt/homes/progs/matlab2015a/bin/glnxa64/libmwservices.so+02440408
[  2] 0x00007f6b37100f0b /mnt/homes/progs/matlab2015a/bin/glnxa64/libmwservices.so+02440971
[  3] 0x00007f6b37101323 /mnt/homes/progs/matlab2015a/bin/glnxa64/libmwservices.so+02442019
[  4] 0x00007f6b33c4b409 /mnt/homes/progs/matlab2015a/bin/glnxa64/libboost_thread.so.1.49.0+00058377
[  5] 0x00007f6b357cae0f                             /lib64/libpthread.so.0+00032271
[  6] 0x00007f6b354ff0dd                                   /lib64/libc.so.6+00954589 clone+00000109
[  7] 0x0000000000000000                                   <unknown-module>+00000000


If this problem is reproducible, please submit a Service Request via:
    http://www.mathworks.com/support/contact_us/

A technical support engineer might contact you with further information.

Thank you for your help.** This crash report has been saved to disk as /home/tpfeffer/matlab_crash_dump.23635-1 **



MATLAB is exiting because of fatal error
/opt/cluster/matlab: Zeile 9: 89171 Getötet                nice -10 $MATLABDIR/bin/matlab $*
