
                            < M A T L A B (R) >
                  Copyright 1984-2015 The MathWorks, Inc.
                   R2015a (8.5.0.197613) 64-bit (glnxa64)
                             February 12, 2015

 
To get started, type one of these: helpwin, helpdesk, or demo.
For product information, visit www.mathworks.com.
 

	Academic License

NBT added to the path
You can start the NBT GUI by typing NBT, then Enter
Processing s8 m1 f1 ...
Loading MEG data ...
    0.2077

    0.0128

    0.0042

    0.0018

   8.4183e-04

   4.0850e-04

   2.0155e-04

   1.0021e-04

   4.9996e-05

   2.4983e-05

   1.2491e-05

   6.2470e-06

   3.1243e-06

   1.5625e-06

   7.8142e-07

     1

     2

     3

     4

     5

     6

     7

     8

     9

    10

    11

    12

    13

    14

    15

    16

    17

    18

    19

    20

    21

    22

    23

    24

    25

    26

    27

    28

    29

    30

    31

    32

    33

    34

    35

    36

    37

    38

    39

    40

    41

    42

    43

    44

    45

    46

    47

    48

    49

    50

    51

    52

    53

    54

    55

    56

    57

    58

    59

    60

    61

    62

    63

    64

    65

    66

    67

    68

    69

    70

    71

    72

    73

    74

    75

    76

    77

    78

    79

    80

    81

    82

    83

    84

    85

    86

    87

    88

    89

    90

    91

    92

    93

    94

    95

    96

    97

    98

    99

   100

   101

   102

   103

   104

   105

   106

   107

   108

   109

   110

   111

   112

   113

   114

   115

   116

   117

   118

   119

   120

   121

   122

   123

   124

   125

   126

   127

   128

   129

   130

   131

   132

   133

   134

   135

   136

   137

   138

   139

   140

   141

   142

   143

   144

   145

   146

   147

   148

   149

   150

   151

   152

   153

   154

   155

   156

   157

   158

   159

   160

   161

   162

   163

   164

   165

   166

   167

   168

   169

   170

   171

   172

   173

   174

   175

   176

   177

   178

   179

   180

   181

   182

   183

   184

   185

   186

   187

   188

   189

   190

