{Error using load
Unable to read file
'/home/tpfeffer/pconn_cnt/proc/preproc/pconn_cnt_postproc_s3_m3_b1_v2.mat'. No
such file or directory.

Error in pconn_cnt_src_dfa (line 98)
        load(sprintf('/home/tpfeffer/pconn_cnt/proc/preproc/pconn_cnt_postproc_s%d_m%d_b%d_v%d.mat',isubj,m,iblock,v_rawdata));} 

------------------------------------------------------------------------
       Segmentation violation detected at Fri Feb 19 18:04:47 2016
------------------------------------------------------------------------

Configuration:
  Crash Decoding      : Disabled
  Crash Mode          : continue (default)
  Current Graphics Driver: Unknown software 
  Current Visual      : None
  Default Encoding    : UTF-8
  GNU C Library       : 2.17 stable
  Host Name           : node035
  MATLAB Architecture : glnxa64
  MATLAB Root         : /mnt/homes/progs/matlab2015a
  MATLAB Version      : 8.5.0.197613 (R2015a)
  OpenGL              : software
  Operating System    : Linux 3.7.10-1.40-desktop #1 SMP PREEMPT Thu Jul 10 11:22:12 UTC 2014 (9b06319) x86_64
  Processor ID        : x86 Family 6 Model 45 Stepping 7, GenuineIntel
  Virtual Machine     : Java 1.7.0_60-b19 with Oracle Corporation Java HotSpot(TM) 64-Bit Server VM mixed mode
  Window System       : No active display

Fault Count: 1


Abnormal termination:
Segmentation violation

Register State (from fault):
  RAX = 00007fe1807dca50  RBX = 0000000001f765c8
  RCX = 00007fe17ecdc2c0  RDX = 0000000000000000
  RSP = 00007fe15bffec80  RBP = 00007fe15bffec90
  RSI = 00007fe15bffecc8  RDI = 0000000002028100

   R8 = 00007fe15c02bf68   R9 = 000000000001e391
  R10 = 00007fe15bffeda0  R11 = 0000000000000206
  R12 = 00007fe1807dca50  R13 = 00007fe15c02bf90
  R14 = 00007fe15c02bfb8  R15 = 0000000000000013

  RIP = 00007fe1803ec513  EFL = 0000000000010202

   CS = 0033   FS = 0000   GS = 0000

Stack Trace (from fault):
[  0] 0x00007fe1803ec513 /mnt/homes/progs/matlab2015a/bin/glnxa64/libmwservices.so+02348307 _ZN16LMIsBusyRegistry17isLMAnyModuleBusyEv+00000035
[  1] 0x00007fe180402cd8 /mnt/homes/progs/matlab2015a/bin/glnxa64/libmwservices.so+02440408
[  2] 0x00007fe180402f0b /mnt/homes/progs/matlab2015a/bin/glnxa64/libmwservices.so+02440971
[  3] 0x00007fe180403323 /mnt/homes/progs/matlab2015a/bin/glnxa64/libmwservices.so+02442019
[  4] 0x00007fe17cf4d409 /mnt/homes/progs/matlab2015a/bin/glnxa64/libboost_thread.so.1.49.0+00058377
[  5] 0x00007fe17eacce0f                             /lib64/libpthread.so.0+00032271
[  6] 0x00007fe17e8010dd                                   /lib64/libc.so.6+00954589 clone+00000109
[  7] 0x0000000000000000                                   <unknown-module>+00000000


If this problem is reproducible, please submit a Service Request via:
    http://www.mathworks.com/support/contact_us/

A technical support engineer might contact you with further information.

Thank you for your help.** This crash report has been saved to disk as /home/tpfeffer/matlab_crash_dump.58201-1 **



MATLAB is exiting because of fatal error
/opt/cluster/matlab: Zeile 9: 123737 Getötet                nice -10 $MATLABDIR/bin/matlab $*
